CRITICAL - 2021-01-21 05:10:03 --> Call to undefined function validation_errors()
#0 /opt/lampp/htdocs/Tajwid/system/View/View.php(246): include()
#1 /opt/lampp/htdocs/Tajwid/system/Common.php(1119): CodeIgniter\View\View->render()
#2 /opt/lampp/htdocs/Tajwid/app/Controllers/Home.php(10): view()
#3 /opt/lampp/htdocs/Tajwid/system/CodeIgniter.php(918): App\Controllers\Home->index()
#4 /opt/lampp/htdocs/Tajwid/system/CodeIgniter.php(404): CodeIgniter\CodeIgniter->runController()
#5 /opt/lampp/htdocs/Tajwid/system/CodeIgniter.php(312): CodeIgniter\CodeIgniter->handleRequest()
#6 /opt/lampp/htdocs/Tajwid/public/index.php(45): CodeIgniter\CodeIgniter->run()
#7 /opt/lampp/htdocs/Tajwid/system/Commands/Server/rewrite.php(34): require_once('/opt/lampp/htdo...')
#8 {main}
CRITICAL - 2021-01-21 05:10:14 --> Call to undefined function form_open()
#0 /opt/lampp/htdocs/Tajwid/system/View/View.php(246): include()
#1 /opt/lampp/htdocs/Tajwid/system/Common.php(1119): CodeIgniter\View\View->render()
#2 /opt/lampp/htdocs/Tajwid/app/Controllers/Home.php(10): view()
#3 /opt/lampp/htdocs/Tajwid/system/CodeIgniter.php(918): App\Controllers\Home->index()
#4 /opt/lampp/htdocs/Tajwid/system/CodeIgniter.php(404): CodeIgniter\CodeIgniter->runController()
#5 /opt/lampp/htdocs/Tajwid/system/CodeIgniter.php(312): CodeIgniter\CodeIgniter->handleRequest()
#6 /opt/lampp/htdocs/Tajwid/public/index.php(45): CodeIgniter\CodeIgniter->run()
#7 /opt/lampp/htdocs/Tajwid/system/Commands/Server/rewrite.php(34): require_once('/opt/lampp/htdo...')
#8 {main}
CRITICAL - 2021-01-21 05:10:33 --> Call to undefined function form_open()
#0 /opt/lampp/htdocs/Tajwid/system/View/View.php(246): include()
#1 /opt/lampp/htdocs/Tajwid/system/Common.php(1119): CodeIgniter\View\View->render()
#2 /opt/lampp/htdocs/Tajwid/app/Controllers/Home.php(10): view()
#3 /opt/lampp/htdocs/Tajwid/system/CodeIgniter.php(918): App\Controllers\Home->index()
#4 /opt/lampp/htdocs/Tajwid/system/CodeIgniter.php(404): CodeIgniter\CodeIgniter->runController()
#5 /opt/lampp/htdocs/Tajwid/system/CodeIgniter.php(312): CodeIgniter\CodeIgniter->handleRequest()
#6 /opt/lampp/htdocs/Tajwid/public/index.php(45): CodeIgniter\CodeIgniter->run()
#7 /opt/lampp/htdocs/Tajwid/system/Commands/Server/rewrite.php(34): require_once('/opt/lampp/htdo...')
#8 {main}
CRITICAL - 2021-01-21 05:19:09 --> Cannot use object of type CodeIgniter\Router\RouteCollection as array
#0 /opt/lampp/htdocs/Tajwid/system/CodeIgniter.php(780): require()
#1 /opt/lampp/htdocs/Tajwid/system/CodeIgniter.php(364): CodeIgniter\CodeIgniter->tryToRouteIt()
#2 /opt/lampp/htdocs/Tajwid/system/CodeIgniter.php(312): CodeIgniter\CodeIgniter->handleRequest()
#3 /opt/lampp/htdocs/Tajwid/public/index.php(45): CodeIgniter\CodeIgniter->run()
#4 /opt/lampp/htdocs/Tajwid/system/Commands/Server/rewrite.php(34): require_once('/opt/lampp/htdo...')
#5 {main}
CRITICAL - 2021-01-21 05:20:03 --> Call to undefined function form_open()
#0 /opt/lampp/htdocs/Tajwid/system/View/View.php(246): include()
#1 /opt/lampp/htdocs/Tajwid/system/Common.php(1119): CodeIgniter\View\View->render()
#2 /opt/lampp/htdocs/Tajwid/app/Controllers/Home.php(10): view()
#3 /opt/lampp/htdocs/Tajwid/system/CodeIgniter.php(918): App\Controllers\Home->index()
#4 /opt/lampp/htdocs/Tajwid/system/CodeIgniter.php(404): CodeIgniter\CodeIgniter->runController()
#5 /opt/lampp/htdocs/Tajwid/system/CodeIgniter.php(312): CodeIgniter\CodeIgniter->handleRequest()
#6 /opt/lampp/htdocs/Tajwid/public/index.php(45): CodeIgniter\CodeIgniter->run()
#7 /opt/lampp/htdocs/Tajwid/system/Commands/Server/rewrite.php(34): require_once('/opt/lampp/htdo...')
#8 {main}
CRITICAL - 2021-01-21 05:20:53 --> Call to undefined function form_open()
#0 /opt/lampp/htdocs/Tajwid/system/View/View.php(246): include()
#1 /opt/lampp/htdocs/Tajwid/system/Common.php(1119): CodeIgniter\View\View->render()
#2 /opt/lampp/htdocs/Tajwid/app/Controllers/Home.php(10): view()
#3 /opt/lampp/htdocs/Tajwid/system/CodeIgniter.php(918): App\Controllers\Home->index()
#4 /opt/lampp/htdocs/Tajwid/system/CodeIgniter.php(404): CodeIgniter\CodeIgniter->runController()
#5 /opt/lampp/htdocs/Tajwid/system/CodeIgniter.php(312): CodeIgniter\CodeIgniter->handleRequest()
#6 /opt/lampp/htdocs/Tajwid/public/index.php(45): CodeIgniter\CodeIgniter->run()
#7 /opt/lampp/htdocs/Tajwid/system/Commands/Server/rewrite.php(34): require_once('/opt/lampp/htdo...')
#8 {main}
CRITICAL - 2021-01-21 05:21:37 --> Call to undefined function form_open()
#0 /opt/lampp/htdocs/Tajwid/system/View/View.php(246): include()
#1 /opt/lampp/htdocs/Tajwid/system/Common.php(1119): CodeIgniter\View\View->render()
#2 /opt/lampp/htdocs/Tajwid/app/Controllers/Home.php(10): view()
#3 /opt/lampp/htdocs/Tajwid/system/CodeIgniter.php(918): App\Controllers\Home->index()
#4 /opt/lampp/htdocs/Tajwid/system/CodeIgniter.php(404): CodeIgniter\CodeIgniter->runController()
#5 /opt/lampp/htdocs/Tajwid/system/CodeIgniter.php(312): CodeIgniter\CodeIgniter->handleRequest()
#6 /opt/lampp/htdocs/Tajwid/public/index.php(45): CodeIgniter\CodeIgniter->run()
#7 /opt/lampp/htdocs/Tajwid/system/Commands/Server/rewrite.php(34): require_once('/opt/lampp/htdo...')
#8 {main}
CRITICAL - 2021-01-21 10:10:20 --> Call to undefined function form_open()
#0 /opt/lampp/htdocs/Tajwid/system/View/View.php(246): include()
#1 /opt/lampp/htdocs/Tajwid/system/Common.php(1119): CodeIgniter\View\View->render()
#2 /opt/lampp/htdocs/Tajwid/app/Controllers/Home.php(10): view()
#3 /opt/lampp/htdocs/Tajwid/system/CodeIgniter.php(918): App\Controllers\Home->index()
#4 /opt/lampp/htdocs/Tajwid/system/CodeIgniter.php(404): CodeIgniter\CodeIgniter->runController()
#5 /opt/lampp/htdocs/Tajwid/system/CodeIgniter.php(312): CodeIgniter\CodeIgniter->handleRequest()
#6 /opt/lampp/htdocs/Tajwid/public/index.php(45): CodeIgniter\CodeIgniter->run()
#7 /opt/lampp/htdocs/Tajwid/system/Commands/Server/rewrite.php(34): require_once('/opt/lampp/htdo...')
#8 {main}
CRITICAL - 2021-01-21 10:28:40 --> Unable to connect to the database.
#0 /opt/lampp/htdocs/Tajwid/system/Database/BaseConnection.php(646): CodeIgniter\Database\BaseConnection->initialize()
#1 /opt/lampp/htdocs/Tajwid/system/Database/BaseBuilder.php(1860): CodeIgniter\Database\BaseConnection->query()
#2 /opt/lampp/htdocs/Tajwid/system/Model.php(462): CodeIgniter\Database\BaseBuilder->get()
#3 /opt/lampp/htdocs/Tajwid/app/Models/Makhroj.php(14): CodeIgniter\Model->findAll()
#4 /opt/lampp/htdocs/Tajwid/app/Controllers/Result.php(17): App\Models\Makhroj->getMakhroj()
#5 /opt/lampp/htdocs/Tajwid/system/CodeIgniter.php(918): App\Controllers\Result->index()
#6 /opt/lampp/htdocs/Tajwid/system/CodeIgniter.php(404): CodeIgniter\CodeIgniter->runController()
#7 /opt/lampp/htdocs/Tajwid/system/CodeIgniter.php(312): CodeIgniter\CodeIgniter->handleRequest()
#8 /opt/lampp/htdocs/Tajwid/public/index.php(45): CodeIgniter\CodeIgniter->run()
#9 /opt/lampp/htdocs/Tajwid/system/Commands/Server/rewrite.php(34): require_once('/opt/lampp/htdo...')
#10 {main}
CRITICAL - 2021-01-21 10:29:17 --> Unable to connect to the database.
#0 /opt/lampp/htdocs/Tajwid/system/Database/BaseConnection.php(646): CodeIgniter\Database\BaseConnection->initialize()
#1 /opt/lampp/htdocs/Tajwid/system/Database/BaseBuilder.php(1860): CodeIgniter\Database\BaseConnection->query()
#2 /opt/lampp/htdocs/Tajwid/system/Model.php(462): CodeIgniter\Database\BaseBuilder->get()
#3 /opt/lampp/htdocs/Tajwid/app/Models/Makhroj.php(14): CodeIgniter\Model->findAll()
#4 /opt/lampp/htdocs/Tajwid/app/Controllers/Result.php(17): App\Models\Makhroj->getMakhroj()
#5 /opt/lampp/htdocs/Tajwid/system/CodeIgniter.php(918): App\Controllers\Result->index()
#6 /opt/lampp/htdocs/Tajwid/system/CodeIgniter.php(404): CodeIgniter\CodeIgniter->runController()
#7 /opt/lampp/htdocs/Tajwid/system/CodeIgniter.php(312): CodeIgniter\CodeIgniter->handleRequest()
#8 /opt/lampp/htdocs/Tajwid/public/index.php(45): CodeIgniter\CodeIgniter->run()
#9 /opt/lampp/htdocs/Tajwid/system/Commands/Server/rewrite.php(34): require_once('/opt/lampp/htdo...')
#10 {main}
CRITICAL - 2021-01-21 10:29:19 --> Unable to connect to the database.
#0 /opt/lampp/htdocs/Tajwid/system/Database/BaseConnection.php(646): CodeIgniter\Database\BaseConnection->initialize()
#1 /opt/lampp/htdocs/Tajwid/system/Database/BaseBuilder.php(1860): CodeIgniter\Database\BaseConnection->query()
#2 /opt/lampp/htdocs/Tajwid/system/Model.php(462): CodeIgniter\Database\BaseBuilder->get()
#3 /opt/lampp/htdocs/Tajwid/app/Models/Makhroj.php(14): CodeIgniter\Model->findAll()
#4 /opt/lampp/htdocs/Tajwid/app/Controllers/Result.php(17): App\Models\Makhroj->getMakhroj()
#5 /opt/lampp/htdocs/Tajwid/system/CodeIgniter.php(918): App\Controllers\Result->index()
#6 /opt/lampp/htdocs/Tajwid/system/CodeIgniter.php(404): CodeIgniter\CodeIgniter->runController()
#7 /opt/lampp/htdocs/Tajwid/system/CodeIgniter.php(312): CodeIgniter\CodeIgniter->handleRequest()
#8 /opt/lampp/htdocs/Tajwid/public/index.php(45): CodeIgniter\CodeIgniter->run()
#9 /opt/lampp/htdocs/Tajwid/system/Commands/Server/rewrite.php(34): require_once('/opt/lampp/htdo...')
#10 {main}
CRITICAL - 2021-01-21 10:29:34 --> Unable to connect to the database.
#0 /opt/lampp/htdocs/Tajwid/system/Database/BaseConnection.php(646): CodeIgniter\Database\BaseConnection->initialize()
#1 /opt/lampp/htdocs/Tajwid/system/Database/BaseBuilder.php(1860): CodeIgniter\Database\BaseConnection->query()
#2 /opt/lampp/htdocs/Tajwid/system/Model.php(462): CodeIgniter\Database\BaseBuilder->get()
#3 /opt/lampp/htdocs/Tajwid/app/Models/Makhroj.php(14): CodeIgniter\Model->findAll()
#4 /opt/lampp/htdocs/Tajwid/app/Controllers/Result.php(17): App\Models\Makhroj->getMakhroj()
#5 /opt/lampp/htdocs/Tajwid/system/CodeIgniter.php(918): App\Controllers\Result->index()
#6 /opt/lampp/htdocs/Tajwid/system/CodeIgniter.php(404): CodeIgniter\CodeIgniter->runController()
#7 /opt/lampp/htdocs/Tajwid/system/CodeIgniter.php(312): CodeIgniter\CodeIgniter->handleRequest()
#8 /opt/lampp/htdocs/Tajwid/public/index.php(45): CodeIgniter\CodeIgniter->run()
#9 /opt/lampp/htdocs/Tajwid/system/Commands/Server/rewrite.php(34): require_once('/opt/lampp/htdo...')
#10 {main}
CRITICAL - 2021-01-21 10:30:29 --> No such file or directory
#0 /opt/lampp/htdocs/Tajwid/app/Controllers/Result.php(7): CodeIgniter\Database\MySQLi\Connection->connect()
#1 /opt/lampp/htdocs/Tajwid/system/Router/Router.php(583): include_once('/opt/lampp/htdo...')
#2 /opt/lampp/htdocs/Tajwid/system/Router/Router.php(195): CodeIgniter\Router\Router->autoRoute()
#3 /opt/lampp/htdocs/Tajwid/system/CodeIgniter.php(793): CodeIgniter\Router\Router->handle()
#4 /opt/lampp/htdocs/Tajwid/system/CodeIgniter.php(364): CodeIgniter\CodeIgniter->tryToRouteIt()
#5 /opt/lampp/htdocs/Tajwid/system/CodeIgniter.php(312): CodeIgniter\CodeIgniter->handleRequest()
#6 /opt/lampp/htdocs/Tajwid/public/index.php(45): CodeIgniter\CodeIgniter->run()
#7 /opt/lampp/htdocs/Tajwid/system/Commands/Server/rewrite.php(34): require_once('/opt/lampp/htdo...')
#8 {main}
CRITICAL - 2021-01-21 10:33:55 --> No such file or directory
#0 /opt/lampp/htdocs/Tajwid/app/Controllers/Result.php(7): CodeIgniter\Database\MySQLi\Connection->connect()
#1 /opt/lampp/htdocs/Tajwid/system/Router/Router.php(583): include_once('/opt/lampp/htdo...')
#2 /opt/lampp/htdocs/Tajwid/system/Router/Router.php(195): CodeIgniter\Router\Router->autoRoute()
#3 /opt/lampp/htdocs/Tajwid/system/CodeIgniter.php(793): CodeIgniter\Router\Router->handle()
#4 /opt/lampp/htdocs/Tajwid/system/CodeIgniter.php(364): CodeIgniter\CodeIgniter->tryToRouteIt()
#5 /opt/lampp/htdocs/Tajwid/system/CodeIgniter.php(312): CodeIgniter\CodeIgniter->handleRequest()
#6 /opt/lampp/htdocs/Tajwid/public/index.php(45): CodeIgniter\CodeIgniter->run()
#7 /opt/lampp/htdocs/Tajwid/system/Commands/Server/rewrite.php(34): require_once('/opt/lampp/htdo...')
#8 {main}
CRITICAL - 2021-01-21 10:40:28 --> No such file or directory
#0 /opt/lampp/htdocs/Tajwid/app/Controllers/Result.php(6): CodeIgniter\Database\MySQLi\Connection->connect()
#1 /opt/lampp/htdocs/Tajwid/system/Router/Router.php(583): include_once('/opt/lampp/htdo...')
#2 /opt/lampp/htdocs/Tajwid/system/Router/Router.php(195): CodeIgniter\Router\Router->autoRoute()
#3 /opt/lampp/htdocs/Tajwid/system/CodeIgniter.php(793): CodeIgniter\Router\Router->handle()
#4 /opt/lampp/htdocs/Tajwid/system/CodeIgniter.php(364): CodeIgniter\CodeIgniter->tryToRouteIt()
#5 /opt/lampp/htdocs/Tajwid/system/CodeIgniter.php(312): CodeIgniter\CodeIgniter->handleRequest()
#6 /opt/lampp/htdocs/Tajwid/public/index.php(45): CodeIgniter\CodeIgniter->run()
#7 /opt/lampp/htdocs/Tajwid/system/Commands/Server/rewrite.php(34): require_once('/opt/lampp/htdo...')
#8 {main}
CRITICAL - 2021-01-21 10:43:37 --> Undefined variable: data
#0 /opt/lampp/htdocs/Tajwid/app/Views/response.php(3): CodeIgniter\Debug\Exceptions->errorHandler()
#1 /opt/lampp/htdocs/Tajwid/system/View/View.php(246): include('/opt/lampp/htdo...')
#2 /opt/lampp/htdocs/Tajwid/system/Common.php(1119): CodeIgniter\View\View->render()
#3 /opt/lampp/htdocs/Tajwid/app/Controllers/Form.php(16): view()
#4 /opt/lampp/htdocs/Tajwid/system/CodeIgniter.php(918): App\Controllers\Form->index()
#5 /opt/lampp/htdocs/Tajwid/system/CodeIgniter.php(404): CodeIgniter\CodeIgniter->runController()
#6 /opt/lampp/htdocs/Tajwid/system/CodeIgniter.php(312): CodeIgniter\CodeIgniter->handleRequest()
#7 /opt/lampp/htdocs/Tajwid/public/index.php(45): CodeIgniter\CodeIgniter->run()
#8 /opt/lampp/htdocs/Tajwid/system/Commands/Server/rewrite.php(34): require_once('/opt/lampp/htdo...')
#9 {main}
